Enter number of attributes in the relation: Enter number of Functional Dependencies in the relation: Enter 6 Attributes:
Enter FDs:
Format { <attr1>, <attr2> } -> { <attr3>, <attr4> }
Entered Attributes: { A B C D E G }
Entered F:
{ A B } -> { C }
{ C } -> { D }
{ A } -> { E }
{ D } -> { G }
MinCover:
{ A B } -> { C }
{ C } -> { D }
{ A } -> { E }
{ D } -> { G }
Decomposition: 
R0: ( A E  )
R1: ( A B C  )
R2: ( D G  )
R3: ( C D  )
========================3NF Generated successfully==============================
