Enter number of attributes in the relation: Enter number of Functional Dependencies in the relation: Enter 5 Attributes:
Enter FDs:
Format { <attr1>, <attr2> } -> { <attr3>, <attr4> }
Entered Attributes: { A B C D E }
Entered F:
{ A B } -> { C }
{ C } -> { A }
{ B C } -> { D }
{ A C D } -> { B }
{ D } -> { E }
{ C E } -> { A }
MinCover:
{ A B } -> { C }
{ B C } -> { D }
{ C D } -> { B }
{ D } -> { E }
{ C } -> { A }
Decomposition: 
R0: ( C D B  )
R1: ( A B C  )
R2: ( C A  )
R3: ( D E  )
========================3NF Generated successfully==============================
